<?xml version="1.0" encoding="UTF-8"?>
<!-- Generated by org.testng.reporters.JUnitReportReporter -->
<testsuite hostname="Tarun1323" failures="0" tests="1" name="loginforgo.Sales" time="16.813" errors="0" timestamp="2024-05-08T12:14:58 IST" skipped="0">
  <testcase classname="loginforgo.Sales" name="TC58" time="16.813"/>
</testsuite> <!-- loginforgo.Sales -->
